Traceback (most recent call last):
  File "${PROJECT_ROOT}\.venv\Lib\site-packages\pandas\core\indexes\base.py", line 3812, in get_loc
    return self._engine.get_loc(casted_key)
           ^^^^^^^^^^^^^^^^^^^^^^^^^^^^^^^^
  File "pandas/_libs/index.pyx", line 167, in pandas._libs.index.IndexEngine.get_loc
  File "pandas/_libs/index.pyx", line 196, in pandas._libs.index.IndexEngine.get_loc
  File "pandas/_libs/hashtable_class_helper.pxi", line 7088, in pandas._libs.hashtable.PyObjectHashTable.get_item
  File "pandas/_libs/hashtable_class_helper.pxi", line 7096, in pandas._libs.hashtable.PyObjectHashTable.get_item
KeyError: 'entry_day'

The above exception was the direct cause of the following exception:

Traceback (most recent call last):
  File "${PROJECT_ROOT}\scripts\build_survival_models.py", line 174, in <module>
    raise SystemExit(main())
                     ^^^^^^
  File "${PROJECT_ROOT}\scripts\build_survival_models.py", line 140, in main
    validation = validate_p6_directory(
                 ^^^^^^^^^^^^^^^^^^^^^^
  File "${PROJECT_ROOT}\hypercube\survival.py", line 835, in validate_p6_directory
    c_index, pairs = interval_concordance(
                     ^^^^^^^^^^^^^^^^^^^^^
  File "${PROJECT_ROOT}\hypercube\survival.py", line 400, in interval_concordance
    starts = frame["entry_day"].to_numpy(float)
             ~~~~~^^^^^^^^^^^^^
  File "${PROJECT_ROOT}\.venv\Lib\site-packages\pandas\core\frame.py", line 4107, in __getitem__
    indexer = self.columns.get_loc(key)
              ^^^^^^^^^^^^^^^^^^^^^^^^^
  File "${PROJECT_ROOT}\.venv\Lib\site-packages\pandas\core\indexes\base.py", line 3819, in get_loc
    raise KeyError(key) from err
KeyError: 'entry_day'
